#
# There is insufficient memory for the Java Runtime Environment to continue.
# Native memory allocation (malloc) failed to allocate 1104976 bytes for Chunk::new
# Possible reasons:
#   The system is out of physical RAM or swap space
#   The process is running with CompressedOops enabled, and the Java Heap may be blocking the growth of the native heap
# Possible solutions:
#   Reduce memory load on the system
#   Increase physical memory or swap space
#   Check if swap backing store is full
#   Decrease Java heap size (-Xmx/-Xms)
#   Decrease number of Java threads
#   Decrease Java thread stack sizes (-Xss)
#   Set larger code cache with -XX:ReservedCodeCacheSize=
#   JVM is running with Unscaled Compressed Oops mode in which the Java heap is
#     placed in the first 4GB address space. The Java Heap base address is the
#     maximum limit for the native heap growth. Please use -XX:HeapBaseMinAddress
#     to set the Java Heap base and to place the Java Heap above 4GB virtual address.
# This output file may be truncated or incomplete.
#
#  Out of Memory Error (allocation.cpp:389), pid=8056, tid=0x00000000000015e0
#
# JRE version: OpenJDK Runtime Environment (8.0_242-b01) (build 1.8.0_242-release-1644-b01)
# Java VM: OpenJDK 64-Bit Server VM (25.242-b01 mixed mode windows-amd64 compressed oops)
# Failed to write core dump. Minidumps are not enabled by default on client versions of Windows
#

---------------  T H R E A D  ---------------

Current thread (0x0000000016e19800):  JavaThread "C2 CompilerThread1" daemon [_thread_in_native, id=5600, stack(0x0000000018570000,0x0000000018670000)]

Stack: [0x0000000018570000,0x0000000018670000]
[error occurred during error reporting (printing stack bounds), id 0xc0000005]

Native frames: (J=compiled Java code, j=interpreted, Vv=VM code, C=native code)


Current CompileTask:
C2: 881551 11058       4       org.gradle.internal.component.model.ComponentAttributeMatcher::match (318 bytes)


---------------  P R O C E S S  ---------------

Java Threads: ( => current thread )
  0x000000001af1e800 JavaThread "Build operations Thread 4" [_thread_blocked, id=18452, stack(0x00000000257b0000,0x00000000258b0000)]
  0x0000000019cda000 JavaThread "Build operations Thread 3" [_thread_blocked, id=1008, stack(0x0000000024a90000,0x0000000024b90000)]
  0x0000000019cdc000 JavaThread "Build operations Thread 2" [_thread_blocked, id=13088, stack(0x0000000024990000,0x0000000024a90000)]
  0x0000000019cde000 JavaThread "Build operations" [_thread_blocked, id=17260, stack(0x0000000024890000,0x0000000024990000)]
  0x0000000019cdf800 JavaThread "Cache worker for Build Output Cleanup Cache (C:\CodingPIxel\swaddle\code\.gradle\buildOutputCleanup)" [_thread_blocked, id=18948, stack(0x0000000022af0000,0x0000000022bf0000)]
  0x0000000019cdd800 JavaThread "Cache worker for cache directory md-rule (C:\Users\alija\.gradle\caches\6.1.1\md-rule)" [_thread_blocked, id=18176, stack(0x00000000227f0000,0x00000000228f0000)]
  0x0000000019d41800 JavaThread "Cache worker for cache directory md-supplier (C:\Users\alija\.gradle\caches\6.1.1\md-supplier)" [_thread_blocked, id=10976, stack(0x0000000020790000,0x0000000020890000)]
  0x0000000019d47800 JavaThread "Cache worker for file hash cache (C:\CodingPIxel\swaddle\code\.gradle\6.1.1\fileHashes)" [_thread_blocked, id=2864, stack(0x0000000020690000,0x0000000020790000)]
  0x0000000019d46000 JavaThread "Cache worker for checksums cache (C:\CodingPIxel\swaddle\code\.gradle\checksums)" [_thread_blocked, id=13076, stack(0x000000001f430000,0x000000001f530000)]
  0x0000000019d45000 JavaThread "Thread-35" [_thread_blocked, id=17644, stack(0x000000001f330000,0x000000001f430000)]
  0x0000000019d3a000 JavaThread "Stdin handler" [_thread_blocked, id=16668, stack(0x000000001f230000,0x000000001f330000)]
  0x0000000019d39000 JavaThread "Asynchronous log dispatcher for DefaultDaemonConnection: socket connection from /127.0.0.1:63338 to /127.0.0.1:64035" [_thread_blocked, id=18764, stack(0x000000001c690000,0x000000001c790000)]
  0x0000000019d3d800 JavaThread "Daemon worker Thread 2" [_thread_blocked, id=1664, stack(0x000000001c390000,0x000000001c490000)]
  0x0000000019d40000 JavaThread "Cancel handler" [_thread_blocked, id=17996, stack(0x000000001c290000,0x000000001c390000)]
  0x0000000019d3c000 JavaThread "Handler for socket connection from /127.0.0.1:63338 to /127.0.0.1:64035" [_thread_in_native, id=17528, stack(0x000000001bf90000,0x000000001c090000)]
  0x0000000019d3b800 JavaThread "Daemon Thread 2" [_thread_blocked, id=18744, stack(0x000000001be90000,0x000000001bf90000)]
  0x0000000019d3f000 JavaThread "Memory manager" [_thread_blocked, id=16944, stack(0x0000000022ff0000,0x00000000230f0000)]
  0x0000000019cdb000 JavaThread "Cache worker for execution history cache (C:\Users\alija\.gradle\caches\6.1.1\executionHistory)" [_thread_blocked, id=11248, stack(0x0000000020590000,0x0000000020690000)]
  0x0000000019cd9800 JavaThread "Cache worker for file hash cache (C:\Users\alija\.gradle\caches\6.1.1\fileHashes)" [_thread_blocked, id=14356, stack(0x000000001cb90000,0x000000001cc90000)]
  0x0000000019ce0800 JavaThread "File lock request listener" [_thread_in_native, id=6024, stack(0x000000001ca90000,0x000000001cb90000)]
  0x0000000019bec000 JavaThread "Cache worker for journal cache (C:\Users\alija\.gradle\caches\journal-1)" [_thread_blocked, id=13156, stack(0x000000001c990000,0x000000001ca90000)]
  0x000000001a87a000 JavaThread "Daemon periodic checks" [_thread_blocked, id=17332, stack(0x000000001bd90000,0x000000001be90000)]
  0x0000000016e24800 JavaThread "Incoming local TCP Connector on port 63338" [_thread_in_native, id=9128, stack(0x000000001bb50000,0x000000001bc50000)]
  0x000000001a7b6000 JavaThread "Daemon health stats" [_thread_blocked, id=16888, stack(0x000000001b510000,0x000000001b610000)]
  0x0000000016e6d800 JavaThread "Service Thread" daemon [_thread_blocked, id=16904, stack(0x0000000018b70000,0x0000000018c70000)]
  0x0000000016e38800 JavaThread "C1 CompilerThread2" daemon [_thread_blocked, id=18392, stack(0x0000000018670000,0x0000000018770000)]
=>0x0000000016e19800 JavaThread "C2 CompilerThread1" daemon [_thread_in_native, id=5600, stack(0x0000000018570000,0x0000000018670000)]
  0x0000000016e13000 JavaThread "C2 CompilerThread0" daemon [_thread_in_native, id=5884, stack(0x0000000018470000,0x0000000018570000)]
  0x0000000016e11800 JavaThread "Attach Listener" daemon [_thread_blocked, id=5176, stack(0x0000000018370000,0x0000000018470000)]
  0x0000000016e10000 JavaThread "Signal Dispatcher" daemon [_thread_blocked, id=18088, stack(0x0000000018270000,0x0000000018370000)]
  0x00000000021eb000 JavaThread "Finalizer" daemon [_thread_blocked, id=18084, stack(0x0000000018070000,0x0000000018170000)]
  0x0000000016df9000 JavaThread "Reference Handler" daemon [_thread_blocked, id=17968, stack(0x0000000017f70000,0x0000000018070000)]
  0x000000000068e000 JavaThread "main" [_thread_blocked, id=6056, stack(0x0000000001ef0000,0x0000000001ff0000)]

Other Threads:
  0x0000000016dd6000 VMThread [stack: 0x0000000017e70000,0x0000000017f70000] [id=10796]
  0x00000000187b9000 WatcherThread [stack: 0x0000000018c70000,0x0000000018d70000] [id=12616]

VM state:not at safepoint (normal execution)

VM Mutex/Monitor currently owned by a thread: None

heap address: 0x0000000080000000, size: 2048 MB, Compressed Oops mode: 32-bit
Narrow klass base: 0x0000000000000000, Narrow klass shift: 3
Compressed class space size: 1073741824 Address: 0x0000000100000000

Heap:
 PSYoungGen      total 215040K, used 131135K [0x00000000d5580000, 0x00000000e6980000, 0x0000000100000000)
  eden space 190464K, 55% used [0x00000000d5580000,0x00000000dbd928b0,0x00000000e0f80000)
  from space 24576K, 99% used [0x00000000e0f80000,0x00000000e277d478,0x00000000e2780000)
  to   space 31232K, 0% used [0x00000000e4b00000,0x00000000e4b00000,0x00000000e6980000)
 ParOldGen       total 258048K, used 50728K [0x0000000080000000, 0x000000008fc00000, 0x00000000d5580000)
  object space 258048K, 19% used [0x0000000080000000,0x000000008318a040,0x000000008fc00000)
 Metaspace       used 84876K, capacity 89000K, committed 89240K, reserved 1126400K
  class space    used 11319K, capacity 12161K, committed 12208K, reserved 1048576K

Card table byte_map: [0x00000000115b0000,0x00000000119c0000] byte_map_base: 0x00000000111b0000

Marking Bits: (ParMarkBitMap*) 0x0000000065a5f030
 Begin Bits: [0x0000000012070000, 0x0000000014070000)
 End Bits:   [0x0000000014070000, 0x0000000016070000)

Polling page: 0x00000000001f0000

CodeCache: size=245760Kb used=31820Kb max_used=31894Kb free=213939Kb
 bounds [0x00000000021f0000, 0x0000000004140000, 0x00000000111f0000]
 total_blobs=10591 nmethods=9745 adapters=757
 compilation: enabled

Compilation events (10 events):
Event: 881.318 Thread 0x0000000016e38800 nmethod 11318 0x00000000040ff250 code [0x00000000040ff3c0, 0x00000000040ff650]
Event: 881.318 Thread 0x0000000016e38800 11319   !   3       org.gradle.api.internal.project.DefaultProjectStateRegistry::stateFor (71 bytes)
Event: 881.320 Thread 0x0000000016e38800 nmethod 11319 0x0000000004103a10 code [0x0000000004103c60, 0x0000000004104c08]
Event: 881.483 Thread 0x0000000016e38800 11321       1       org.gradle.tooling.internal.adapter.MethodInvocation::found (5 bytes)
Event: 881.483 Thread 0x0000000016e38800 nmethod 11321 0x0000000004105590 code [0x00000000041056e0, 0x00000000041057f0]
Event: 881.492 Thread 0x0000000016e38800 11322   !   3       sun.reflect.BootstrapConstructorAccessorImpl::newInstance (24 bytes)
Event: 881.493 Thread 0x0000000016e38800 nmethod 11322 0x0000000004105850 code [0x00000000041059e0, 0x0000000004105d58]
Event: 881.493 Thread 0x0000000016e38800 11323       3       java.io.ObjectOutputStream::writeShort (9 bytes)
Event: 881.494 Thread 0x0000000016e38800 nmethod 11323 0x0000000004105e90 code [0x0000000004106000, 0x00000000041061a8]
Event: 881.498 Thread 0x0000000016e38800 11324       3       sun.reflect.AccessorGenerator::emitBoxingContantPoolEntries (1417 bytes)

GC Heap History (10 events):
Event: 22.885 GC heap before
{Heap before GC invocations=12 (full 2):
 PSYoungGen      total 162816K, used 85387K [0x00000000d5580000, 0x00000000e1d00000, 0x0000000100000000)
  eden space 150528K, 48% used [0x00000000d5580000,0x00000000d9ce3ab8,0x00000000de880000)
  from space 12288K, 99% used [0x00000000de880000,0x00000000df47f320,0x00000000df480000)
  to   space 17408K, 0% used [0x00000000e0c00000,0x00000000e0c00000,0x00000000e1d00000)
 ParOldGen       total 169984K, used 28354K [0x0000000080000000, 0x000000008a600000, 0x00000000d5580000)
  object space 169984K, 16% used [0x0000000080000000,0x0000000081bb0b00,0x000000008a600000)
 Metaspace       used 57012K, capacity 59134K, committed 59160K, reserved 1099776K
  class space    used 7715K, capacity 8236K, committed 8240K, reserved 1048576K
Event: 22.923 GC heap after
Heap after GC invocations=12 (full 2):
 PSYoungGen      total 183296K, used 17404K [0x00000000d5580000, 0x00000000e3600000, 0x0000000100000000)
  eden space 165888K, 0% used [0x00000000d5580000,0x00000000d5580000,0x00000000df780000)
  from space 17408K, 99% used [0x00000000e0c00000,0x00000000e1cff320,0x00000000e1d00000)
  to   space 20992K, 0% used [0x00000000df780000,0x00000000df780000,0x00000000e0c00000)
 ParOldGen       total 169984K, used 32239K [0x0000000080000000, 0x000000008a600000, 0x00000000d5580000)
  object space 169984K, 18% used [0x0000000080000000,0x0000000081f7bfb8,0x000000008a600000)
 Metaspace       used 57012K, capacity 59134K, committed 59160K, reserved 1099776K
  class space    used 7715K, capacity 8236K, committed 8240K, reserved 1048576K
}
Event: 22.923 GC heap before
{Heap before GC invocations=13 (full 3):
 PSYoungGen      total 183296K, used 17404K [0x00000000d5580000, 0x00000000e3600000, 0x0000000100000000)
  eden space 165888K, 0% used [0x00000000d5580000,0x00000000d5580000,0x00000000df780000)
  from space 17408K, 99% used [0x00000000e0c00000,0x00000000e1cff320,0x00000000e1d00000)
  to   space 20992K, 0% used [0x00000000df780000,0x00000000df780000,0x00000000e0c00000)
 ParOldGen       total 169984K, used 32239K [0x0000000080000000, 0x000000008a600000, 0x00000000d5580000)
  object space 169984K, 18% used [0x0000000080000000,0x0000000081f7bfb8,0x000000008a600000)
 Metaspace       used 57012K, capacity 59134K, committed 59160K, reserved 1099776K
  class space    used 7715K, capacity 8236K, committed 8240K, reserved 1048576K
Event: 23.455 GC heap after
Heap after GC invocations=13 (full 3):
 PSYoungGen      total 183296K, used 0K [0x00000000d5580000, 0x00000000e3600000, 0x0000000100000000)
  eden space 165888K, 0% used [0x00000000d5580000,0x00000000d5580000,0x00000000df780000)
  from space 17408K, 0% used [0x00000000e0c00000,0x00000000e0c00000,0x00000000e1d00000)
  to   space 20992K, 0% used [0x00000000df780000,0x00000000df780000,0x00000000e0c00000)
 ParOldGen       total 258048K, used 37547K [0x0000000080000000, 0x000000008fc00000, 0x00000000d5580000)
  object space 258048K, 14% used [0x0000000080000000,0x00000000824aae08,0x000000008fc00000)
 Metaspace       used 57012K, capacity 59134K, committed 59160K, reserved 1099776K
  class space    used 7715K, capacity 8236K, committed 8240K, reserved 1048576K
}
Event: 30.341 GC heap before
{Heap before GC invocations=14 (full 3):
 PSYoungGen      total 183296K, used 165888K [0x00000000d5580000, 0x00000000e3600000, 0x0000000100000000)
  eden space 165888K, 100% used [0x00000000d5580000,0x00000000df780000,0x00000000df780000)
  from space 17408K, 0% used [0x00000000e0c00000,0x00000000e0c00000,0x00000000e1d00000)
  to   space 20992K, 0% used [0x00000000df780000,0x00000000df780000,0x00000000e0c00000)
 ParOldGen       total 258048K, used 37547K [0x0000000080000000, 0x000000008fc00000, 0x00000000d5580000)
  object space 258048K, 14% used [0x0000000080000000,0x00000000824aae08,0x000000008fc00000)
 Metaspace       used 65284K, capacity 67850K, committed 67992K, reserved 1107968K
  class space    used 8972K, capacity 9535K, committed 9648K, reserved 1048576K
Event: 30.392 GC heap after
Heap after GC invocations=14 (full 3):
 PSYoungGen      total 186880K, used 14082K [0x00000000d5580000, 0x00000000e3c00000, 0x0000000100000000)
  eden space 165888K, 0% used [0x00000000d5580000,0x00000000d5580000,0x00000000df780000)
  from space 20992K, 67% used [0x00000000df780000,0x00000000e0540ac8,0x00000000e0c00000)
  to   space 20992K, 0% used [0x00000000e2780000,0x00000000e2780000,0x00000000e3c00000)
 ParOldGen       total 258048K, used 37555K [0x0000000080000000, 0x000000008fc00000, 0x00000000d5580000)
  object space 258048K, 14% used [0x0000000080000000,0x00000000824ace08,0x000000008fc00000)
 Metaspace       used 65284K, capacity 67850K, committed 67992K, reserved 1107968K
  class space    used 8972K, capacity 9535K, committed 9648K, reserved 1048576K
}
Event: 35.228 GC heap before
{Heap before GC invocations=15 (full 3):
 PSYoungGen      total 186880K, used 179970K [0x00000000d5580000, 0x00000000e3c00000, 0x0000000100000000)
  eden space 165888K, 100% used [0x00000000d5580000,0x00000000df780000,0x00000000df780000)
  from space 20992K, 67% used [0x00000000df780000,0x00000000e0540ac8,0x00000000e0c00000)
  to   space 20992K, 0% used [0x00000000e2780000,0x00000000e2780000,0x00000000e3c00000)
 ParOldGen       total 258048K, used 37555K [0x0000000080000000, 0x000000008fc00000, 0x00000000d5580000)
  object space 258048K, 14% used [0x0000000080000000,0x00000000824ace08,0x000000008fc00000)
 Metaspace       used 73502K, capacity 76592K, committed 76824K, reserved 1116160K
  class space    used 10090K, capacity 10761K, committed 10800K, reserved 1048576K
Event: 35.273 GC heap after
Heap after GC invocations=15 (full 3):
 PSYoungGen      total 211456K, used 20988K [0x00000000d5580000, 0x00000000e4200000, 0x0000000100000000)
  eden space 190464K, 0% used [0x00000000d5580000,0x00000000d5580000,0x00000000e0f80000)
  from space 20992K, 99% used [0x00000000e2780000,0x00000000e3bff128,0x00000000e3c00000)
  to   space 24576K, 0% used [0x00000000e0f80000,0x00000000e0f80000,0x00000000e2780000)
 ParOldGen       total 258048K, used 41234K [0x0000000080000000, 0x000000008fc00000, 0x00000000d5580000)
  object space 258048K, 15% used [0x0000000080000000,0x00000000828448e0,0x000000008fc00000)
 Metaspace       used 73502K, capacity 76592K, committed 76824K, reserved 1116160K
  class space    used 10090K, capacity 10761K, committed 10800K, reserved 1048576K
}
Event: 40.115 GC heap before
{Heap before GC invocations=16 (full 3):
 PSYoungGen      total 211456K, used 211452K [0x00000000d5580000, 0x00000000e4200000, 0x0000000100000000)
  eden space 190464K, 100% used [0x00000000d5580000,0x00000000e0f80000,0x00000000e0f80000)
  from space 20992K, 99% used [0x00000000e2780000,0x00000000e3bff128,0x00000000e3c00000)
  to   space 24576K, 0% used [0x00000000e0f80000,0x00000000e0f80000,0x00000000e2780000)
 ParOldGen       total 258048K, used 41234K [0x0000000080000000, 0x000000008fc00000, 0x00000000d5580000)
  object space 258048K, 15% used [0x0000000080000000,0x00000000828448e0,0x000000008fc00000)
 Metaspace       used 79026K, capacity 82776K, committed 82968K, reserved 1120256K
  class space    used 10742K, capacity 11541K, committed 11568K, reserved 1048576K
Event: 40.161 GC heap after
Heap after GC invocations=16 (full 3):
 PSYoungGen      total 215040K, used 24565K [0x00000000d5580000, 0x00000000e6980000, 0x0000000100000000)
  eden space 190464K, 0% used [0x00000000d5580000,0x00000000d5580000,0x00000000e0f80000)
  from space 24576K, 99% used [0x00000000e0f80000,0x00000000e277d478,0x00000000e2780000)
  to   space 31232K, 0% used [0x00000000e4b00000,0x00000000e4b00000,0x00000000e6980000)
 ParOldGen       total 258048K, used 50728K [0x0000000080000000, 0x000000008fc00000, 0x00000000d5580000)
  object space 258048K, 19% used [0x0000000080000000,0x000000008318a040,0x000000008fc00000)
 Metaspace       used 79026K, capacity 82776K, committed 82968K, reserved 1120256K
  class space    used 10742K, capacity 11541K, committed 11568K, reserved 1048576K
}

Deoptimization events (10 events):
Event: 880.055 Thread 0x0000000019d3d800 Uncommon trap: reason=class_check action=maybe_recompile pc=0x0000000003f55350 method=com.google.common.cache.LocalCache$Segment.get(Ljava/lang/Object;I)Ljava/lang/Object; @ 49
Event: 880.133 Thread 0x0000000019d3d800 Uncommon trap: reason=unstable_if action=reinterpret pc=0x0000000003202674 method=com.google.common.collect.RegularImmutableSet.contains(Ljava/lang/Object;)Z @ 10
Event: 880.143 Thread 0x0000000019d3d800 Uncommon trap: reason=bimorphic action=maybe_recompile pc=0x00000000027c2648 method=java.nio.charset.CharsetEncoder.encode(Ljava/nio/CharBuffer;Ljava/nio/ByteBuffer;Z)Ljava/nio/charset/CoderResult; @ 57
Event: 880.207 Thread 0x0000000019d3d800 Uncommon trap: reason=bimorphic action=maybe_recompile pc=0x00000000027c2648 method=java.nio.charset.CharsetEncoder.encode(Ljava/nio/CharBuffer;Ljava/nio/ByteBuffer;Z)Ljava/nio/charset/CoderResult; @ 57
Event: 880.257 Thread 0x0000000019d3d800 Uncommon trap: reason=bimorphic action=maybe_recompile pc=0x00000000027c2648 method=java.nio.charset.CharsetEncoder.encode(Ljava/nio/CharBuffer;Ljava/nio/ByteBuffer;Z)Ljava/nio/charset/CoderResult; @ 57
Event: 880.349 Thread 0x0000000019d3d800 Uncommon trap: reason=bimorphic action=maybe_recompile pc=0x00000000027c2648 method=java.nio.charset.CharsetEncoder.encode(Ljava/nio/CharBuffer;Ljava/nio/ByteBuffer;Z)Ljava/nio/charset/CoderResult; @ 57
Event: 880.530 Thread 0x0000000019d3d800 Uncommon trap: reason=bimorphic action=maybe_recompile pc=0x0000000003f65134 method=com.google.common.cache.LocalCache$Segment.getLiveValue(Lcom/google/common/cache/ReferenceEntry;J)Ljava/lang/Object; @ 21
Event: 880.536 Thread 0x0000000019d3d800 Uncommon trap: reason=unstable_if action=reinterpret pc=0x0000000003bec1f8 method=org.gradle.cache.internal.DefaultCrossBuildInMemoryCacheFactory$AbstractCrossBuildInMemoryCache.getIfPresent(Ljava/lang/Object;)Ljava/lang/Object; @ 24
Event: 880.540 Thread 0x0000000019d3d800 Uncommon trap: reason=class_check action=maybe_recompile pc=0x0000000003e8db44 method=org.gradle.cache.internal.LockOnDemandCrossProcessCacheAccess.incrementLockCount()V @ 97
Event: 881.183 Thread 0x0000000019d3d800 Uncommon trap: reason=null_check action=make_not_entrant pc=0x00000000040e84f0 method=org.gradle.api.internal.collections.CollectionFilter.filter(Ljava/lang/Object;)Ljava/lang/Object; @ 5

Classes redefined (0 events):
No events

Internal exceptions (10 events):
Event: 880.511 Thread 0x0000000019d3d800 Exception <a 'java/lang/ClassNotFoundException': org/jetbrains/plugins/gradle/tooling/builder/ProjectExtensionsDataBuilderImplCustomizer> (0x00000000d986c598) thrown at [C:\src\AOSP-openjdk-git\hotspot\src\share\vm\classfile\systemDictionary.cpp, line 210
Event: 880.513 Thread 0x0000000019d3d800 Exception <a 'java/lang/ClassNotFoundException': org/jetbrains/plugins/gradle/tooling/builder/IntelliJSettingsBuilderBeanInfo> (0x00000000d98a8738) thrown at [C:\src\AOSP-openjdk-git\hotspot\src\share\vm\classfile\systemDictionary.cpp, line 210]
Event: 880.513 Thread 0x0000000019d3d800 Exception <a 'java/lang/ClassNotFoundException': org/jetbrains/plugins/gradle/tooling/builder/IntelliJSettingsBuilderCustomizer> (0x00000000d98b5970) thrown at [C:\src\AOSP-openjdk-git\hotspot\src\share\vm\classfile\systemDictionary.cpp, line 210]
Event: 880.516 Thread 0x0000000019d3d800 Exception <a 'java/lang/ClassNotFoundException': org/jetbrains/plugins/gradle/tooling/builder/IntelliJProjectSettingsBuilderBeanInfo> (0x00000000d98f2f68) thrown at [C:\src\AOSP-openjdk-git\hotspot\src\share\vm\classfile\systemDictionary.cpp, line 210]
Event: 880.517 Thread 0x0000000019d3d800 Exception <a 'java/lang/ClassNotFoundException': org/jetbrains/plugins/gradle/tooling/builder/IntelliJProjectSettingsBuilderCustomizer> (0x00000000d9902280) thrown at [C:\src\AOSP-openjdk-git\hotspot\src\share\vm\classfile\systemDictionary.cpp, line 210]
Event: 881.183 Thread 0x0000000019d3d800 Implicit null exception at 0x00000000040e83a3 to 0x00000000040e84dd
Event: 881.278 Thread 0x0000000019d3d800 Exception <a 'java/lang/ClassNotFoundException': org/jetbrains/plugins/gradle/model/web/WebConfigurationBeanInfo> (0x00000000db5b3b28) thrown at [C:\src\AOSP-openjdk-git\hotspot\src\share\vm\classfile\systemDictionary.cpp, line 210]
Event: 881.279 Thread 0x0000000019d3d800 Exception <a 'java/lang/ClassNotFoundException': org/jetbrains/plugins/gradle/model/web/WebConfigurationCustomizer> (0x00000000db5c6ef0) thrown at [C:\src\AOSP-openjdk-git\hotspot\src\share\vm\classfile\systemDictionary.cpp, line 210]
Event: 881.285 Thread 0x0000000019d3d800 Exception <a 'java/lang/ClassNotFoundException': org/jetbrains/plugins/gradle/model/scala/ScalaModelBeanInfo> (0x00000000db6017b0) thrown at [C:\src\AOSP-openjdk-git\hotspot\src\share\vm\classfile\systemDictionary.cpp, line 210]
Event: 881.286 Thread 0x0000000019d3d800 Exception <a 'java/lang/ClassNotFoundException': org/jetbrains/plugins/gradle/model/scala/ScalaModelCustomizer> (0x00000000db6143d0) thrown at [C:\src\AOSP-openjdk-git\hotspot\src\share\vm\classfile\systemDictionary.cpp, line 210]

Events (10 events):
Event: 881.482 loading class org/jetbrains/kotlin/gradle/UtilsKt
Event: 881.482 loading class org/jetbrains/kotlin/gradle/UtilsKt done
Event: 881.483 loading class org/jetbrains/plugins/gradle/model/ProjectImportAction$2
Event: 881.483 loading class org/jetbrains/plugins/gradle/model/ProjectImportAction$2 done
Event: 881.485 loading class org/jetbrains/plugins/gradle/model/internal/TurnOffDefaultTasks
Event: 881.485 loading class org/jetbrains/plugins/gradle/model/internal/TurnOffDefaultTasks done
Event: 881.524 Executing VM operation: RevokeBias
Event: 881.524 Executing VM operation: RevokeBias done
Event: 881.528 Executing VM operation: RevokeBias
Event: 881.529 Executing VM operation: RevokeBias done


Dynamic libraries:
0x00007ff686150000 - 0x00007ff686181000 	C:\Program Files\Android\Android Studio\jre\bin\java.exe
0x00007ffe57f80000 - 0x00007ffe58170000 	C:\Windows\SYSTEM32\ntdll.dll
0x00007ffe32b20000 - 0x00007ffe32b32000 	C:\Program Files\Avast Software\Avast\aswhook.dll
0x00007ffe56c00000 - 0x00007ffe56cb2000 	C:\Windows\System32\KERNEL32.DLL
0x00007ffe558c0000 - 0x00007ffe55b65000 	C:\Windows\System32\KERNELBASE.dll
0x00007ffe57970000 - 0x00007ffe57a13000 	C:\Windows\System32\ADVAPI32.dll
0x00007ffe56ea0000 - 0x00007ffe56f3e000 	C:\Windows\System32\msvcrt.dll
0x00007ffe57010000 - 0x00007ffe570a7000 	C:\Windows\System32\sechost.dll
0x00007ffe57ab0000 - 0x00007ffe57bd0000 	C:\Windows\System32\RPCRT4.dll
0x00007ffe56a60000 - 0x00007ffe56bf4000 	C:\Windows\System32\USER32.dll
0x00007ffe55c10000 - 0x00007ffe55c31000 	C:\Windows\System32\win32u.dll
0x00007ffe57a80000 - 0x00007ffe57aa6000 	C:\Windows\System32\GDI32.dll
0x00007ffe55c40000 - 0x00007ffe55dd6000 	C:\Windows\System32\gdi32full.dll
0x00007ffe55b70000 - 0x00007ffe55c0e000 	C:\Windows\System32\msvcp_win.dll
0x00007ffe54fc0000 - 0x00007ffe550ba000 	C:\Windows\System32\ucrtbase.dll
0x00007ffe43ad0000 - 0x00007ffe43d54000 	C:\Windows\WinSxS\amd64_microsoft.windows.common-controls_6595b64144ccf1df_6.0.18362.1139_none_9e7bf2d3e4605ac6\COMCTL32.dll
0x00007ffe56030000 - 0x00007ffe56365000 	C:\Windows\System32\combase.dll
0x00007ffe55f90000 - 0x00007ffe56010000 	C:\Windows\System32\bcryptPrimitives.dll
0x00007ffe57940000 - 0x00007ffe5796e000 	C:\Windows\System32\IMM32.DLL
0x00000000651b0000 - 0x0000000065282000 	C:\Program Files\Android\Android Studio\jre\jre\bin\msvcr100.dll
0x0000000065290000 - 0x0000000065adb000 	C:\Program Files\Android\Android Studio\jre\jre\bin\server\jvm.dll
0x00007ffe56cc0000 - 0x00007ffe56cc8000 	C:\Windows\System32\PSAPI.DLL
0x00007ffe44850000 - 0x00007ffe44859000 	C:\Windows\SYSTEM32\WSOCK32.dll
0x00007ffe56e30000 - 0x00007ffe56e9f000 	C:\Windows\System32\WS2_32.dll
0x00007ffe52eb0000 - 0x00007ffe52ed4000 	C:\Windows\SYSTEM32\WINMM.dll
0x00007ffe4a910000 - 0x00007ffe4a91a000 	C:\Windows\SYSTEM32\VERSION.dll
0x00007ffe52e80000 - 0x00007ffe52ead000 	C:\Windows\SYSTEM32\WINMMBASE.dll
0x00007ffe550f0000 - 0x00007ffe5513a000 	C:\Windows\System32\cfgmgr32.dll
0x00007ffe4e4a0000 - 0x00007ffe4e4af000 	C:\Program Files\Android\Android Studio\jre\jre\bin\verify.dll
0x00007ffe41830000 - 0x00007ffe41859000 	C:\Program Files\Android\Android Studio\jre\jre\bin\java.dll
0x00007ffe41930000 - 0x00007ffe41946000 	C:\Program Files\Android\Android Studio\jre\jre\bin\zip.dll
0x00007ffe56370000 - 0x00007ffe56a57000 	C:\Windows\System32\SHELL32.dll
0x00007ffe575c0000 - 0x00007ffe57669000 	C:\Windows\System32\shcore.dll
0x00007ffe55140000 - 0x00007ffe558c0000 	C:\Windows\System32\windows.storage.dll
0x00007ffe54ea0000 - 0x00007ffe54ec3000 	C:\Windows\System32\profapi.dll
0x00007ffe54e50000 - 0x00007ffe54e9a000 	C:\Windows\System32\powrprof.dll
0x00007ffe54e40000 - 0x00007ffe54e50000 	C:\Windows\System32\UMPDC.dll
0x00007ffe56f40000 - 0x00007ffe56f92000 	C:\Windows\System32\shlwapi.dll
0x00007ffe54ed0000 - 0x00007ffe54ee1000 	C:\Windows\System32\kernel.appcore.dll
0x00007ffe56010000 - 0x00007ffe56027000 	C:\Windows\System32\cryptsp.dll
0x00007ffe3d9e0000 - 0x00007ffe3d9fa000 	C:\Program Files\Android\Android Studio\jre\jre\bin\net.dll
0x00007ffe54690000 - 0x00007ffe546f7000 	C:\Windows\system32\mswsock.dll
0x00007ffe3d290000 - 0x00007ffe3d2a3000 	C:\Program Files\Android\Android Studio\jre\jre\bin\nio.dll
0x00007ffe47ed0000 - 0x00007ffe47ef6000 	C:\Users\alija\.gradle\native\31\windows-amd64\native-platform.dll
0x00007ffe41820000 - 0x00007ffe4182d000 	C:\Program Files\Android\Android Studio\jre\jre\bin\management.dll
0x00007ffe54200000 - 0x00007ffe54233000 	C:\Windows\system32\rsaenh.dll
0x00007ffe550c0000 - 0x00007ffe550e6000 	C:\Windows\System32\bcrypt.dll
0x00007ffe54d60000 - 0x00007ffe54d85000 	C:\Windows\SYSTEM32\USERENV.dll
0x00007ffe54860000 - 0x00007ffe5486c000 	C:\Windows\SYSTEM32\CRYPTBASE.dll
0x00007ffe543a0000 - 0x00007ffe543da000 	C:\Windows\SYSTEM32\IPHLPAPI.DLL
0x00007ffe575a0000 - 0x00007ffe575a8000 	C:\Windows\System32\NSI.dll
0x00007ffe4a860000 - 0x00007ffe4a876000 	C:\Windows\SYSTEM32\dhcpcsvc6.DLL
0x00007ffe4d640000 - 0x00007ffe4d65c000 	C:\Windows\SYSTEM32\dhcpcsvc.DLL
0x00007ffe543e0000 - 0x00007ffe544ab000 	C:\Windows\SYSTEM32\DNSAPI.dll

VM Arguments:
jvm_args: -Xmx2048m -Dfile.encoding=windows-1252 -Duser.country=US -Duser.language=en -Duser.variant 
java_command: org.gradle.launcher.daemon.bootstrap.GradleDaemon 6.1.1
java_class_path (initial): C:\Users\alija\.gradle\wrapper\dists\gradle-6.1.1-all\cfmwm155h49vnt3hynmlrsdst\gradle-6.1.1\lib\gradle-launcher-6.1.1.jar
Launcher Type: SUN_STANDARD

Environment Variables:
PATH=C:\Windows\system32;C:\Windows;C:\Windows\System32\Wbem;C:\Windows\System32\WindowsPowerShell\v1.0\;C:\Windows\System32\OpenSSH\;C:\Program Files\Git\cmd;C:\Program Files\Git\bin;C:\Users\alija\AppData\Local\Microsoft\WindowsApps;C:\Users\alija\AppData\Local\Programs\Microsoft VS Code\bin;C:\Users\alija\AppData\Local\Android\Sdk\platform-tools;
USERNAME=alija
OS=Windows_NT
PROCESSOR_IDENTIFIER=Intel64 Family 6 Model 61 Stepping 4, GenuineIntel



---------------  S Y S T E M  ---------------

OS: Windows 10.0 , 64 bit Build 18362 (10.0.18362.1110)

CPU:total 4 (initial active 4) (2 cores per cpu, 2 threads per core) family 6 model 61 stepping 4, cmov, cx8, fxsr, mmx, sse, sse2, sse3, ssse3, sse4.1, sse4.2, popcnt, avx, avx2, aes, clmul, erms, rtm, 3dnowpref, lzcnt, ht, tsc, tscinvbit, bmi1, bmi2, adx

Memory: 4k page, physical 16466160k(2122056k free), swap 36059748k(5672k free)

vm_info: OpenJDK 64-Bit Server VM (25.242-b01) for windows-amd64 JRE (1.8.0_242-release-1644-b01), built by "builder" with MS VC++ 10.0 (VS2010)

time: Wed Nov 04 18:49:52 2020
timezone: Pakistan Standard Time
elapsed time: 881 seconds (0d 0h 14m 41s)

